mode: set
github.com/Domilz/D7024E/pkg/kademlia/bucket.go:14.26,18.2 3 1
github.com/Domilz/D7024E/pkg/kademlia/bucket.go:22.51,24.55 2 1
github.com/Domilz/D7024E/pkg/kademlia/bucket.go:24.55,27.34 2 1
github.com/Domilz/D7024E/pkg/kademlia/bucket.go:27.34,29.4 1 1
github.com/Domilz/D7024E/pkg/kademlia/bucket.go:32.2,32.20 1 1
github.com/Domilz/D7024E/pkg/kademlia/bucket.go:32.20,33.37 1 1
github.com/Domilz/D7024E/pkg/kademlia/bucket.go:33.37,35.4 1 1
github.com/Domilz/D7024E/pkg/kademlia/bucket.go:36.8,38.3 1 1
github.com/Domilz/D7024E/pkg/kademlia/bucket.go:41.58,42.55 1 0
github.com/Domilz/D7024E/pkg/kademlia/bucket.go:42.55,45.34 2 0
github.com/Domilz/D7024E/pkg/kademlia/bucket.go:45.34,48.4 2 0
github.com/Domilz/D7024E/pkg/kademlia/bucket.go:52.55,54.2 1 0
github.com/Domilz/D7024E/pkg/kademlia/bucket.go:58.79,61.63 2 1
github.com/Domilz/D7024E/pkg/kademlia/bucket.go:61.63,65.3 3 1
github.com/Domilz/D7024E/pkg/kademlia/bucket.go:67.2,67.17 1 1
github.com/Domilz/D7024E/pkg/kademlia/bucket.go:71.33,73.2 1 1
github.com/Domilz/D7024E/pkg/kademlia/contact.go:17.57,19.2 1 1
github.com/Domilz/D7024E/pkg/kademlia/contact.go:23.58,25.2 1 1
github.com/Domilz/D7024E/pkg/kademlia/contact.go:28.58,30.2 1 1
github.com/Domilz/D7024E/pkg/kademlia/contact.go:33.41,35.2 1 1
github.com/Domilz/D7024E/pkg/kademlia/contact.go:44.65,46.2 1 1
github.com/Domilz/D7024E/pkg/kademlia/contact.go:49.71,51.2 1 1
github.com/Domilz/D7024E/pkg/kademlia/contact.go:54.45,56.2 1 1
github.com/Domilz/D7024E/pkg/kademlia/contact.go:59.48,61.2 1 1
github.com/Domilz/D7024E/pkg/kademlia/contact.go:65.53,67.2 1 1
github.com/Domilz/D7024E/pkg/kademlia/contact.go:71.58,73.2 1 1
github.com/Domilz/D7024E/pkg/kademlia/kademlia.go:36.30,43.16 6 0
github.com/Domilz/D7024E/pkg/kademlia/kademlia.go:43.16,45.3 1 0
github.com/Domilz/D7024E/pkg/kademlia/kademlia.go:46.2,49.19 3 0
github.com/Domilz/D7024E/pkg/kademlia/kademlia.go:50.11,52.42 2 0
github.com/Domilz/D7024E/pkg/kademlia/kademlia.go:53.10,55.17 2 0
github.com/Domilz/D7024E/pkg/kademlia/kademlia.go:55.17,57.4 1 0
github.com/Domilz/D7024E/pkg/kademlia/kademlia.go:58.3,59.17 2 0
github.com/Domilz/D7024E/pkg/kademlia/kademlia.go:59.17,61.4 1 0
github.com/Domilz/D7024E/pkg/kademlia/kademlia.go:63.3,65.45 3 0
github.com/Domilz/D7024E/pkg/kademlia/kademlia.go:67.2,73.3 1 0
github.com/Domilz/D7024E/pkg/kademlia/kademlia.go:76.41,78.2 1 0
github.com/Domilz/D7024E/pkg/kademlia/kademlia.go:80.66,83.34 3 1
github.com/Domilz/D7024E/pkg/kademlia/kademlia.go:83.34,86.3 2 1
github.com/Domilz/D7024E/pkg/kademlia/kademlia.go:88.2,96.38 8 1
github.com/Domilz/D7024E/pkg/kademlia/kademlia.go:96.38,98.3 1 1
github.com/Domilz/D7024E/pkg/kademlia/kademlia.go:100.2,100.19 1 1
github.com/Domilz/D7024E/pkg/kademlia/kademlia.go:103.111,110.6 6 1
github.com/Domilz/D7024E/pkg/kademlia/kademlia.go:110.6,111.10 1 1
github.com/Domilz/D7024E/pkg/kademlia/kademlia.go:112.41,116.18 4 1
github.com/Domilz/D7024E/pkg/kademlia/kademlia.go:116.18,119.5 2 1
github.com/Domilz/D7024E/pkg/kademlia/kademlia.go:120.17,121.35 1 1
github.com/Domilz/D7024E/pkg/kademlia/kademlia.go:121.35,124.5 1 1
github.com/Domilz/D7024E/pkg/kademlia/kademlia.go:125.4,126.10 2 1
github.com/Domilz/D7024E/pkg/kademlia/kademlia.go:131.80,133.32 2 1
github.com/Domilz/D7024E/pkg/kademlia/kademlia.go:133.32,134.37 1 1
github.com/Domilz/D7024E/pkg/kademlia/kademlia.go:134.37,138.4 3 0
github.com/Domilz/D7024E/pkg/kademlia/kademlia.go:139.3,139.6 1 1
github.com/Domilz/D7024E/pkg/kademlia/kademlia.go:143.142,146.45 3 1
github.com/Domilz/D7024E/pkg/kademlia/kademlia.go:146.45,147.37 1 1
github.com/Domilz/D7024E/pkg/kademlia/kademlia.go:147.37,152.4 4 1
github.com/Domilz/D7024E/pkg/kademlia/kademlia.go:153.3,153.6 1 1
github.com/Domilz/D7024E/pkg/kademlia/kademlia.go:155.2,155.16 1 1
github.com/Domilz/D7024E/pkg/kademlia/kademlia.go:158.121,164.84 5 1
github.com/Domilz/D7024E/pkg/kademlia/kademlia.go:164.84,165.34 1 1
github.com/Domilz/D7024E/pkg/kademlia/kademlia.go:165.34,168.4 2 1
github.com/Domilz/D7024E/pkg/kademlia/kademlia.go:168.9,168.40 1 1
github.com/Domilz/D7024E/pkg/kademlia/kademlia.go:168.40,171.4 2 0
github.com/Domilz/D7024E/pkg/kademlia/kademlia.go:171.9,172.112 1 1
github.com/Domilz/D7024E/pkg/kademlia/kademlia.go:172.112,176.5 3 1
github.com/Domilz/D7024E/pkg/kademlia/kademlia.go:176.10,176.76 1 0
github.com/Domilz/D7024E/pkg/kademlia/kademlia.go:176.76,180.5 3 0
github.com/Domilz/D7024E/pkg/kademlia/kademlia.go:180.10,183.5 2 0
github.com/Domilz/D7024E/pkg/kademlia/kademlia.go:187.2,187.24 1 1
github.com/Domilz/D7024E/pkg/kademlia/kademlia.go:190.48,191.28 1 0
github.com/Domilz/D7024E/pkg/kademlia/kademlia.go:191.28,192.40 1 0
github.com/Domilz/D7024E/pkg/kademlia/kademlia.go:192.40,194.4 1 0
github.com/Domilz/D7024E/pkg/kademlia/kademlia.go:196.2,196.14 1 0
github.com/Domilz/D7024E/pkg/kademlia/kademlia.go:199.74,203.34 4 0
github.com/Domilz/D7024E/pkg/kademlia/kademlia.go:203.34,206.3 2 0
github.com/Domilz/D7024E/pkg/kademlia/kademlia.go:208.2,215.9 6 0
github.com/Domilz/D7024E/pkg/kademlia/kademlia.go:216.26,218.20 2 0
github.com/Domilz/D7024E/pkg/kademlia/kademlia.go:219.16,220.60 1 0
github.com/Domilz/D7024E/pkg/kademlia/kademlia.go:225.61,232.6 6 0
github.com/Domilz/D7024E/pkg/kademlia/kademlia.go:232.6,233.10 1 0
github.com/Domilz/D7024E/pkg/kademlia/kademlia.go:234.41,238.18 4 0
github.com/Domilz/D7024E/pkg/kademlia/kademlia.go:238.18,241.5 2 0
github.com/Domilz/D7024E/pkg/kademlia/kademlia.go:242.17,243.35 1 0
github.com/Domilz/D7024E/pkg/kademlia/kademlia.go:243.35,245.5 1 0
github.com/Domilz/D7024E/pkg/kademlia/kademlia.go:246.4,247.10 2 0
github.com/Domilz/D7024E/pkg/kademlia/kademlia.go:249.21,250.10 1 0
github.com/Domilz/D7024E/pkg/kademlia/kademlia.go:255.167,258.45 3 0
github.com/Domilz/D7024E/pkg/kademlia/kademlia.go:258.45,259.37 1 0
github.com/Domilz/D7024E/pkg/kademlia/kademlia.go:259.37,262.26 3 0
github.com/Domilz/D7024E/pkg/kademlia/kademlia.go:262.26,267.5 1 0
github.com/Domilz/D7024E/pkg/kademlia/kademlia.go:268.4,269.7 2 0
github.com/Domilz/D7024E/pkg/kademlia/kademlia.go:271.3,271.6 1 0
github.com/Domilz/D7024E/pkg/kademlia/kademlia.go:273.2,273.16 1 0
github.com/Domilz/D7024E/pkg/kademlia/kademlia.go:276.66,282.35 6 0
github.com/Domilz/D7024E/pkg/kademlia/kademlia.go:282.35,284.17 2 0
github.com/Domilz/D7024E/pkg/kademlia/kademlia.go:284.17,286.4 1 0
github.com/Domilz/D7024E/pkg/kademlia/kademlia.go:289.2,289.18 1 0
github.com/Domilz/D7024E/pkg/kademlia/kademlia.go:289.18,291.3 1 0
github.com/Domilz/D7024E/pkg/kademlia/kademlia.go:292.2,292.47 1 0
github.com/Domilz/D7024E/pkg/kademlia/kademliaid.go:15.45,19.32 3 1
github.com/Domilz/D7024E/pkg/kademlia/kademliaid.go:19.32,21.3 1 1
github.com/Domilz/D7024E/pkg/kademlia/kademliaid.go:23.2,23.23 1 1
github.com/Domilz/D7024E/pkg/kademlia/kademliaid.go:28.40,30.32 2 0
github.com/Domilz/D7024E/pkg/kademlia/kademliaid.go:30.32,32.3 1 0
github.com/Domilz/D7024E/pkg/kademlia/kademliaid.go:33.2,33.23 1 0
github.com/Domilz/D7024E/pkg/kademlia/kademliaid.go:37.69,38.32 1 1
github.com/Domilz/D7024E/pkg/kademlia/kademliaid.go:38.32,39.42 1 1
github.com/Domilz/D7024E/pkg/kademlia/kademliaid.go:39.42,41.4 1 1
github.com/Domilz/D7024E/pkg/kademlia/kademliaid.go:43.2,43.14 1 0
github.com/Domilz/D7024E/pkg/kademlia/kademliaid.go:47.71,48.32 1 1
github.com/Domilz/D7024E/pkg/kademlia/kademliaid.go:48.32,49.42 1 1
github.com/Domilz/D7024E/pkg/kademlia/kademliaid.go:49.42,51.4 1 1
github.com/Domilz/D7024E/pkg/kademlia/kademliaid.go:53.2,53.13 1 1
github.com/Domilz/D7024E/pkg/kademlia/kademliaid.go:58.75,60.32 2 1
github.com/Domilz/D7024E/pkg/kademlia/kademliaid.go:60.32,62.3 1 1
github.com/Domilz/D7024E/pkg/kademlia/kademliaid.go:63.2,63.16 1 1
github.com/Domilz/D7024E/pkg/kademlia/kademliaid.go:67.47,69.2 1 1
github.com/Domilz/D7024E/pkg/kademlia/network.go:19.67,24.16 3 1
github.com/Domilz/D7024E/pkg/kademlia/network.go:24.16,26.3 1 0
github.com/Domilz/D7024E/pkg/kademlia/network.go:28.2,30.6 2 1
github.com/Domilz/D7024E/pkg/kademlia/network.go:30.6,33.17 3 1
github.com/Domilz/D7024E/pkg/kademlia/network.go:33.17,35.4 1 0
github.com/Domilz/D7024E/pkg/kademlia/network.go:37.3,39.63 2 1
github.com/Domilz/D7024E/pkg/kademlia/network.go:47.81,54.12 4 1
github.com/Domilz/D7024E/pkg/kademlia/network.go:54.12,57.17 3 1
github.com/Domilz/D7024E/pkg/kademlia/network.go:57.17,60.4 2 0
github.com/Domilz/D7024E/pkg/kademlia/network.go:61.3,61.19 1 1
github.com/Domilz/D7024E/pkg/kademlia/network.go:64.2,65.16 2 1
github.com/Domilz/D7024E/pkg/kademlia/network.go:65.16,67.3 1 0
github.com/Domilz/D7024E/pkg/kademlia/network.go:71.2,73.9 2 1
github.com/Domilz/D7024E/pkg/kademlia/network.go:74.20,75.19 1 1
github.com/Domilz/D7024E/pkg/kademlia/network.go:77.29,78.47 1 0
github.com/Domilz/D7024E/pkg/kademlia/network.go:82.60,85.16 3 1
github.com/Domilz/D7024E/pkg/kademlia/network.go:85.16,87.3 1 0
github.com/Domilz/D7024E/pkg/kademlia/network.go:89.2,92.19 4 1
github.com/Domilz/D7024E/pkg/kademlia/network.go:94.14,95.64 1 1
github.com/Domilz/D7024E/pkg/kademlia/network.go:96.19,97.31 1 1
github.com/Domilz/D7024E/pkg/kademlia/network.go:98.21,99.33 1 1
github.com/Domilz/D7024E/pkg/kademlia/network.go:100.19,101.32 1 1
github.com/Domilz/D7024E/pkg/kademlia/network.go:102.10,103.15 1 0
github.com/Domilz/D7024E/pkg/kademlia/network.go:107.92,110.16 2 1
github.com/Domilz/D7024E/pkg/kademlia/network.go:110.16,112.3 1 0
github.com/Domilz/D7024E/pkg/kademlia/network.go:113.2,114.16 2 1
github.com/Domilz/D7024E/pkg/kademlia/network.go:114.16,116.3 1 0
github.com/Domilz/D7024E/pkg/kademlia/network.go:119.64,124.16 3 1
github.com/Domilz/D7024E/pkg/kademlia/network.go:124.16,126.3 1 0
github.com/Domilz/D7024E/pkg/kademlia/network.go:128.2,129.16 2 1
github.com/Domilz/D7024E/pkg/kademlia/network.go:129.16,133.3 2 0
github.com/Domilz/D7024E/pkg/kademlia/network.go:133.8,135.3 1 1
github.com/Domilz/D7024E/pkg/kademlia/network.go:138.98,143.16 3 1
github.com/Domilz/D7024E/pkg/kademlia/network.go:143.16,145.3 1 0
github.com/Domilz/D7024E/pkg/kademlia/network.go:147.2,150.16 2 1
github.com/Domilz/D7024E/pkg/kademlia/network.go:150.16,152.3 1 0
github.com/Domilz/D7024E/pkg/kademlia/network.go:152.8,155.17 3 1
github.com/Domilz/D7024E/pkg/kademlia/network.go:155.17,157.4 1 0
github.com/Domilz/D7024E/pkg/kademlia/network.go:158.3,161.33 3 1
github.com/Domilz/D7024E/pkg/kademlia/network.go:163.2,163.12 1 0
github.com/Domilz/D7024E/pkg/kademlia/network.go:166.96,171.16 4 1
github.com/Domilz/D7024E/pkg/kademlia/network.go:171.16,173.3 1 0
github.com/Domilz/D7024E/pkg/kademlia/network.go:175.2,178.16 2 1
github.com/Domilz/D7024E/pkg/kademlia/network.go:178.16,180.3 1 0
github.com/Domilz/D7024E/pkg/kademlia/network.go:180.8,183.17 3 1
github.com/Domilz/D7024E/pkg/kademlia/network.go:183.17,185.4 1 0
github.com/Domilz/D7024E/pkg/kademlia/network.go:187.3,188.37 2 1
github.com/Domilz/D7024E/pkg/kademlia/network.go:188.37,190.4 1 1
github.com/Domilz/D7024E/pkg/kademlia/network.go:190.9,193.4 2 0
github.com/Domilz/D7024E/pkg/kademlia/network.go:196.2,196.16 1 0
github.com/Domilz/D7024E/pkg/kademlia/network.go:199.93,203.16 3 1
github.com/Domilz/D7024E/pkg/kademlia/network.go:203.16,205.3 1 0
github.com/Domilz/D7024E/pkg/kademlia/network.go:207.2,210.16 2 1
github.com/Domilz/D7024E/pkg/kademlia/network.go:210.16,213.3 1 0
github.com/Domilz/D7024E/pkg/kademlia/network.go:213.8,218.17 4 1
github.com/Domilz/D7024E/pkg/kademlia/network.go:218.17,220.4 1 0
github.com/Domilz/D7024E/pkg/kademlia/network.go:222.3,222.35 1 1
github.com/Domilz/D7024E/pkg/kademlia/network.go:228.65,234.2 4 1
github.com/Domilz/D7024E/pkg/kademlia/network.go:236.26,238.16 2 0
github.com/Domilz/D7024E/pkg/kademlia/network.go:238.16,240.3 1 0
github.com/Domilz/D7024E/pkg/kademlia/network.go:242.2,243.16 2 0
github.com/Domilz/D7024E/pkg/kademlia/network.go:243.16,245.3 1 0
github.com/Domilz/D7024E/pkg/kademlia/network.go:247.2,247.28 1 0
github.com/Domilz/D7024E/pkg/kademlia/network.go:250.54,253.16 2 1
github.com/Domilz/D7024E/pkg/kademlia/network.go:253.16,255.3 1 0
github.com/Domilz/D7024E/pkg/kademlia/network.go:256.2,259.16 3 1
github.com/Domilz/D7024E/pkg/kademlia/network.go:259.16,261.3 1 0
github.com/Domilz/D7024E/pkg/kademlia/network.go:263.2,263.18 1 1
github.com/Domilz/D7024E/pkg/kademlia/network.go:266.46,268.16 2 1
github.com/Domilz/D7024E/pkg/kademlia/network.go:268.16,270.3 1 0
github.com/Domilz/D7024E/pkg/kademlia/network.go:272.2,273.16 2 1
github.com/Domilz/D7024E/pkg/kademlia/network.go:273.16,275.3 1 0
github.com/Domilz/D7024E/pkg/kademlia/network.go:277.2,277.13 1 1
github.com/Domilz/D7024E/pkg/kademlia/routingtable.go:13.48,15.34 2 1
github.com/Domilz/D7024E/pkg/kademlia/routingtable.go:15.34,17.3 1 1
github.com/Domilz/D7024E/pkg/kademlia/routingtable.go:18.2,19.21 2 1
github.com/Domilz/D7024E/pkg/kademlia/routingtable.go:23.63,27.2 3 1
github.com/Domilz/D7024E/pkg/kademlia/routingtable.go:29.66,33.2 3 0
github.com/Domilz/D7024E/pkg/kademlia/routingtable.go:35.67,40.2 3 0
github.com/Domilz/D7024E/pkg/kademlia/routingtable.go:43.96,50.98 5 1
github.com/Domilz/D7024E/pkg/kademlia/routingtable.go:50.98,51.25 1 1
github.com/Domilz/D7024E/pkg/kademlia/routingtable.go:51.25,54.4 2 1
github.com/Domilz/D7024E/pkg/kademlia/routingtable.go:55.3,55.33 1 1
github.com/Domilz/D7024E/pkg/kademlia/routingtable.go:55.33,58.4 2 1
github.com/Domilz/D7024E/pkg/kademlia/routingtable.go:61.2,63.30 2 1
github.com/Domilz/D7024E/pkg/kademlia/routingtable.go:63.30,65.3 1 1
github.com/Domilz/D7024E/pkg/kademlia/routingtable.go:67.2,67.38 1 1
github.com/Domilz/D7024E/pkg/kademlia/routingtable.go:71.70,73.32 2 1
github.com/Domilz/D7024E/pkg/kademlia/routingtable.go:73.32,74.26 1 1
github.com/Domilz/D7024E/pkg/kademlia/routingtable.go:74.26,75.42 1 1
github.com/Domilz/D7024E/pkg/kademlia/routingtable.go:75.42,77.5 1 1
github.com/Domilz/D7024E/pkg/kademlia/routingtable.go:81.2,81.23 1 1
github.com/Domilz/D7024E/pkg/kademlia/rpcmessages.go:11.129,19.2 1 1
github.com/Domilz/D7024E/pkg/kademlia/rpcmessages.go:21.49,25.2 3 1
github.com/Domilz/D7024E/pkg/kademlia/rpcmessages.go:27.47,32.2 3 1
github.com/Domilz/D7024E/pkg/kademlia/rpcmessages.go:34.48,37.8 2 1
github.com/Domilz/D7024E/pkg/kademlia/rpcmessages.go:37.8,39.3 1 1
github.com/Domilz/D7024E/pkg/kademlia/rpcmessages.go:40.2,42.93 2 0
github.com/Domilz/D7024E/pkg/kademlia/rpcmessages.go:45.67,46.38 1 1
github.com/Domilz/D7024E/pkg/kademlia/rpcmessages.go:46.38,51.33 4 1
github.com/Domilz/D7024E/pkg/kademlia/rpcmessages.go:51.33,54.12 3 0
github.com/Domilz/D7024E/pkg/kademlia/rpcmessages.go:54.12,56.5 1 0
github.com/Domilz/D7024E/pkg/kademlia/rpcmessages.go:56.10,59.5 2 0
github.com/Domilz/D7024E/pkg/kademlia/rpcmessages.go:60.9,62.4 1 1
